Determining if the pthread_create exist failed with the following output:
Change Dir: /home/sarahaguasvivas/gpc_controller/build/CMakeFiles/CMakeTmp

Run Build Command:"/usr/bin/make" "cmTC_9bf62/fast"
/usr/bin/make -f CMakeFiles/cmTC_9bf62.dir/build.make CMakeFiles/cmTC_9bf62.dir/build
make[1]: Entering directory '/home/sarahaguasvivas/gpc_controller/build/CMakeFiles/CMakeTmp'
Building C object CMakeFiles/cmTC_9bf62.dir/CheckSymbolExists.c.o
/usr/bin/cc     -o CMakeFiles/cmTC_9bf62.dir/CheckSymbolExists.c.o   -c /home/sarahaguasvivas/gpc_controller/build/CMakeFiles/CMakeTmp/CheckSymbolExists.c
Linking C executable cmTC_9bf62
/usr/bin/cmake -E cmake_link_script CMakeFiles/cmTC_9bf62.dir/link.txt --verbose=1
/usr/bin/cc       CMakeFiles/cmTC_9bf62.dir/CheckSymbolExists.c.o  -o cmTC_9bf62 -rdynamic 
CMakeFiles/cmTC_9bf62.dir/CheckSymbolExists.c.o: In function `main':
CheckSymbolExists.c:(.text+0x16): undefined reference to `pthread_create'
collect2: error: ld returned 1 exit status
CMakeFiles/cmTC_9bf62.dir/build.make:97: recipe for target 'cmTC_9bf62' failed
make[1]: *** [cmTC_9bf62] Error 1
make[1]: Leaving directory '/home/sarahaguasvivas/gpc_controller/build/CMakeFiles/CMakeTmp'
Makefile:126: recipe for target 'cmTC_9bf62/fast' failed
make: *** [cmTC_9bf62/fast] Error 2

File /home/sarahaguasvivas/gpc_controller/build/CMakeFiles/CMakeTmp/CheckSymbolExists.c:
/* */
#include <pthread.h>

int main(int argc, char** argv)
{
  (void)argv;
#ifndef pthread_create
  return ((int*)(&pthread_create))[argc];
#else
  (void)argc;
  return 0;
#endif
}

Determining if the function pthread_create exists in the pthreads failed with the following output:
Change Dir: /home/sarahaguasvivas/gpc_controller/build/CMakeFiles/CMakeTmp

Run Build Command:"/usr/bin/make" "cmTC_db51e/fast"
/usr/bin/make -f CMakeFiles/cmTC_db51e.dir/build.make CMakeFiles/cmTC_db51e.dir/build
make[1]: Entering directory '/home/sarahaguasvivas/gpc_controller/build/CMakeFiles/CMakeTmp'
Building C object CMakeFiles/cmTC_db51e.dir/CheckFunctionExists.c.o
/usr/bin/cc    -DCHECK_FUNCTION_EXISTS=pthread_create   -o CMakeFiles/cmTC_db51e.dir/CheckFunctionExists.c.o   -c /usr/share/cmake-3.5/Modules/CheckFunctionExists.c
Linking C executable cmTC_db51e
/usr/bin/cmake -E cmake_link_script CMakeFiles/cmTC_db51e.dir/link.txt --verbose=1
/usr/bin/cc   -DCHECK_FUNCTION_EXISTS=pthread_create    CMakeFiles/cmTC_db51e.dir/CheckFunctionExists.c.o  -o cmTC_db51e -rdynamic -lpthreads 
/usr/bin/ld: cannot find -lpthreads
collect2: error: ld returned 1 exit status
CMakeFiles/cmTC_db51e.dir/build.make:97: recipe for target 'cmTC_db51e' failed
make[1]: *** [cmTC_db51e] Error 1
make[1]: Leaving directory '/home/sarahaguasvivas/gpc_controller/build/CMakeFiles/CMakeTmp'
Makefile:126: recipe for target 'cmTC_db51e/fast' failed
make: *** [cmTC_db51e/fast] Error 2


Determining if the Perl module Parse::RecDescent exists failed with the following error output:
Can't locate Parse/RecDescent.pm in @INC (you may need to install the Parse::RecDescent module) (@INC contains: /etc/perl /usr/local/lib/x86_64-linux-gnu/perl/5.22.1 /usr/local/share/perl/5.22.1 /usr/lib/x86_64-linux-gnu/perl5/5.22 /usr/share/perl5 /usr/lib/x86_64-linux-gnu/perl/5.22 /usr/share/perl/5.22 /usr/local/lib/site_perl /usr/lib/x86_64-linux-gnu/perl-base .) at -e line 1.
BEGIN failed--compilation aborted at -e line 1.


Determining if the Perl module Parse::RecDescent exists failed with the following error output:
Can't locate Parse/RecDescent.pm in @INC (you may need to install the Parse::RecDescent module) (@INC contains: /etc/perl /usr/local/lib/x86_64-linux-gnu/perl/5.22.1 /usr/local/share/perl/5.22.1 /usr/lib/x86_64-linux-gnu/perl5/5.22 /usr/share/perl5 /usr/lib/x86_64-linux-gnu/perl/5.22 /usr/share/perl/5.22 /usr/local/lib/site_perl /usr/lib/x86_64-linux-gnu/perl-base .) at -e line 1.
BEGIN failed--compilation aborted at -e line 1.


Determining if the Perl module Parse::RecDescent exists failed with the following error output:
Can't locate Parse/RecDescent.pm in @INC (you may need to install the Parse::RecDescent module) (@INC contains: /etc/perl /usr/local/lib/x86_64-linux-gnu/perl/5.22.1 /usr/local/share/perl/5.22.1 /usr/lib/x86_64-linux-gnu/perl5/5.22 /usr/share/perl5 /usr/lib/x86_64-linux-gnu/perl/5.22 /usr/share/perl/5.22 /usr/local/lib/site_perl /usr/lib/x86_64-linux-gnu/perl-base .) at -e line 1.
BEGIN failed--compilation aborted at -e line 1.


Determining if the Perl module Parse::RecDescent exists failed with the following error output:
Can't locate Parse/RecDescent.pm in @INC (you may need to install the Parse::RecDescent module) (@INC contains: /etc/perl /usr/local/lib/x86_64-linux-gnu/perl/5.22.1 /usr/local/share/perl/5.22.1 /usr/lib/x86_64-linux-gnu/perl5/5.22 /usr/share/perl5 /usr/lib/x86_64-linux-gnu/perl/5.22 /usr/share/perl/5.22 /usr/local/lib/site_perl /usr/lib/x86_64-linux-gnu/perl-base .) at -e line 1.
BEGIN failed--compilation aborted at -e line 1.


Determining if the Perl module Parse::RecDescent exists failed with the following error output:
Can't locate Parse/RecDescent.pm in @INC (you may need to install the Parse::RecDescent module) (@INC contains: /etc/perl /usr/local/lib/x86_64-linux-gnu/perl/5.22.1 /usr/local/share/perl/5.22.1 /usr/lib/x86_64-linux-gnu/perl5/5.22 /usr/share/perl5 /usr/lib/x86_64-linux-gnu/perl/5.22 /usr/share/perl/5.22 /usr/local/lib/site_perl /usr/lib/x86_64-linux-gnu/perl-base .) at -e line 1.
BEGIN failed--compilation aborted at -e line 1.


Determining if the Perl module Parse::RecDescent exists failed with the following error output:
Can't locate Parse/RecDescent.pm in @INC (you may need to install the Parse::RecDescent module) (@INC contains: /etc/perl /usr/local/lib/x86_64-linux-gnu/perl/5.22.1 /usr/local/share/perl/5.22.1 /usr/lib/x86_64-linux-gnu/perl5/5.22 /usr/share/perl5 /usr/lib/x86_64-linux-gnu/perl/5.22 /usr/share/perl/5.22 /usr/local/lib/site_perl /usr/lib/x86_64-linux-gnu/perl-base .) at -e line 1.
BEGIN failed--compilation aborted at -e line 1.


Determining if the Perl module Parse::RecDescent exists failed with the following error output:
Can't locate Parse/RecDescent.pm in @INC (you may need to install the Parse::RecDescent module) (@INC contains: /etc/perl /usr/local/lib/x86_64-linux-gnu/perl/5.22.1 /usr/local/share/perl/5.22.1 /usr/lib/x86_64-linux-gnu/perl5/5.22 /usr/share/perl5 /usr/lib/x86_64-linux-gnu/perl/5.22 /usr/share/perl/5.22 /usr/local/lib/site_perl /usr/lib/x86_64-linux-gnu/perl-base .) at -e line 1.
BEGIN failed--compilation aborted at -e line 1.


Determining if the Perl module Parse::RecDescent exists failed with the following error output:
Can't locate Parse/RecDescent.pm in @INC (you may need to install the Parse::RecDescent module) (@INC contains: /etc/perl /usr/local/lib/x86_64-linux-gnu/perl/5.22.1 /usr/local/share/perl/5.22.1 /usr/lib/x86_64-linux-gnu/perl5/5.22 /usr/share/perl5 /usr/lib/x86_64-linux-gnu/perl/5.22 /usr/share/perl/5.22 /usr/local/lib/site_perl /usr/lib/x86_64-linux-gnu/perl-base .) at -e line 1.
BEGIN failed--compilation aborted at -e line 1.


Determining if the Perl module Parse::RecDescent exists failed with the following error output:
Can't locate Parse/RecDescent.pm in @INC (you may need to install the Parse::RecDescent module) (@INC contains: /etc/perl /usr/local/lib/x86_64-linux-gnu/perl/5.22.1 /usr/local/share/perl/5.22.1 /usr/lib/x86_64-linux-gnu/perl5/5.22 /usr/share/perl5 /usr/lib/x86_64-linux-gnu/perl/5.22 /usr/share/perl/5.22 /usr/local/lib/site_perl /usr/lib/x86_64-linux-gnu/perl-base .) at -e line 1.
BEGIN failed--compilation aborted at -e line 1.


Determining if the Perl module Parse::RecDescent exists failed with the following error output:
Can't locate Parse/RecDescent.pm in @INC (you may need to install the Parse::RecDescent module) (@INC contains: /etc/perl /usr/local/lib/x86_64-linux-gnu/perl/5.22.1 /usr/local/share/perl/5.22.1 /usr/lib/x86_64-linux-gnu/perl5/5.22 /usr/share/perl5 /usr/lib/x86_64-linux-gnu/perl/5.22 /usr/share/perl/5.22 /usr/local/lib/site_perl /usr/lib/x86_64-linux-gnu/perl-base .) at -e line 1.
BEGIN failed--compilation aborted at -e line 1.


Determining if the Perl module Parse::RecDescent exists failed with the following error output:
Can't locate Parse/RecDescent.pm in @INC (you may need to install the Parse::RecDescent module) (@INC contains: /etc/perl /usr/local/lib/x86_64-linux-gnu/perl/5.22.1 /usr/local/share/perl/5.22.1 /usr/lib/x86_64-linux-gnu/perl5/5.22 /usr/share/perl5 /usr/lib/x86_64-linux-gnu/perl/5.22 /usr/share/perl/5.22 /usr/local/lib/site_perl /usr/lib/x86_64-linux-gnu/perl-base .) at -e line 1.
BEGIN failed--compilation aborted at -e line 1.


Determining if the Perl module Parse::RecDescent exists failed with the following error output:
Can't locate Parse/RecDescent.pm in @INC (you may need to install the Parse::RecDescent module) (@INC contains: /etc/perl /usr/local/lib/x86_64-linux-gnu/perl/5.22.1 /usr/local/share/perl/5.22.1 /usr/lib/x86_64-linux-gnu/perl5/5.22 /usr/share/perl5 /usr/lib/x86_64-linux-gnu/perl/5.22 /usr/share/perl/5.22 /usr/local/lib/site_perl /usr/lib/x86_64-linux-gnu/perl-base .) at -e line 1.
BEGIN failed--compilation aborted at -e line 1.


Determining if the Perl module Parse::RecDescent exists failed with the following error output:
Can't locate Parse/RecDescent.pm in @INC (you may need to install the Parse::RecDescent module) (@INC contains: /etc/perl /usr/local/lib/x86_64-linux-gnu/perl/5.22.1 /usr/local/share/perl/5.22.1 /usr/lib/x86_64-linux-gnu/perl5/5.22 /usr/share/perl5 /usr/lib/x86_64-linux-gnu/perl/5.22 /usr/share/perl/5.22 /usr/local/lib/site_perl /usr/lib/x86_64-linux-gnu/perl-base .) at -e line 1.
BEGIN failed--compilation aborted at -e line 1.


Determining if the Perl module Parse::RecDescent exists failed with the following error output:
Can't locate Parse/RecDescent.pm in @INC (you may need to install the Parse::RecDescent module) (@INC contains: /etc/perl /usr/local/lib/x86_64-linux-gnu/perl/5.22.1 /usr/local/share/perl/5.22.1 /usr/lib/x86_64-linux-gnu/perl5/5.22 /usr/share/perl5 /usr/lib/x86_64-linux-gnu/perl/5.22 /usr/share/perl/5.22 /usr/local/lib/site_perl /usr/lib/x86_64-linux-gnu/perl-base .) at -e line 1.
BEGIN failed--compilation aborted at -e line 1.


Determining if the Perl module Parse::RecDescent exists failed with the following error output:
Can't locate Parse/RecDescent.pm in @INC (you may need to install the Parse::RecDescent module) (@INC contains: /etc/perl /usr/local/lib/x86_64-linux-gnu/perl/5.22.1 /usr/local/share/perl/5.22.1 /usr/lib/x86_64-linux-gnu/perl5/5.22 /usr/share/perl5 /usr/lib/x86_64-linux-gnu/perl/5.22 /usr/share/perl/5.22 /usr/local/lib/site_perl /usr/lib/x86_64-linux-gnu/perl-base .) at -e line 1.
BEGIN failed--compilation aborted at -e line 1.


Determining if the Perl module Parse::RecDescent exists failed with the following error output:
Can't locate Parse/RecDescent.pm in @INC (you may need to install the Parse::RecDescent module) (@INC contains: /etc/perl /usr/local/lib/x86_64-linux-gnu/perl/5.22.1 /usr/local/share/perl/5.22.1 /usr/lib/x86_64-linux-gnu/perl5/5.22 /usr/share/perl5 /usr/lib/x86_64-linux-gnu/perl/5.22 /usr/share/perl/5.22 /usr/local/lib/site_perl /usr/lib/x86_64-linux-gnu/perl-base .) at -e line 1.
BEGIN failed--compilation aborted at -e line 1.


Determining if the Perl module Parse::RecDescent exists failed with the following error output:
Can't locate Parse/RecDescent.pm in @INC (you may need to install the Parse::RecDescent module) (@INC contains: /etc/perl /usr/local/lib/x86_64-linux-gnu/perl/5.22.1 /usr/local/share/perl/5.22.1 /usr/lib/x86_64-linux-gnu/perl5/5.22 /usr/share/perl5 /usr/lib/x86_64-linux-gnu/perl/5.22 /usr/share/perl/5.22 /usr/local/lib/site_perl /usr/lib/x86_64-linux-gnu/perl-base .) at -e line 1.
BEGIN failed--compilation aborted at -e line 1.


Determining if the Perl module Parse::RecDescent exists failed with the following error output:
Can't locate Parse/RecDescent.pm in @INC (you may need to install the Parse::RecDescent module) (@INC contains: /etc/perl /usr/local/lib/x86_64-linux-gnu/perl/5.22.1 /usr/local/share/perl/5.22.1 /usr/lib/x86_64-linux-gnu/perl5/5.22 /usr/share/perl5 /usr/lib/x86_64-linux-gnu/perl/5.22 /usr/share/perl/5.22 /usr/local/lib/site_perl /usr/lib/x86_64-linux-gnu/perl-base .) at -e line 1.
BEGIN failed--compilation aborted at -e line 1.


Determining if the Perl module Parse::RecDescent exists failed with the following error output:
Can't locate Parse/RecDescent.pm in @INC (you may need to install the Parse::RecDescent module) (@INC contains: /etc/perl /usr/local/lib/x86_64-linux-gnu/perl/5.22.1 /usr/local/share/perl/5.22.1 /usr/lib/x86_64-linux-gnu/perl5/5.22 /usr/share/perl5 /usr/lib/x86_64-linux-gnu/perl/5.22 /usr/share/perl/5.22 /usr/local/lib/site_perl /usr/lib/x86_64-linux-gnu/perl-base .) at -e line 1.
BEGIN failed--compilation aborted at -e line 1.


Determining if the Perl module Parse::RecDescent exists failed with the following error output:
Can't locate Parse/RecDescent.pm in @INC (you may need to install the Parse::RecDescent module) (@INC contains: /etc/perl /usr/local/lib/x86_64-linux-gnu/perl/5.22.1 /usr/local/share/perl/5.22.1 /usr/lib/x86_64-linux-gnu/perl5/5.22 /usr/share/perl5 /usr/lib/x86_64-linux-gnu/perl/5.22 /usr/share/perl/5.22 /usr/local/lib/site_perl /usr/lib/x86_64-linux-gnu/perl-base .) at -e line 1.
BEGIN failed--compilation aborted at -e line 1.


Determining if the Perl module Parse::RecDescent exists failed with the following error output:
Can't locate Parse/RecDescent.pm in @INC (you may need to install the Parse::RecDescent module) (@INC contains: /etc/perl /usr/local/lib/x86_64-linux-gnu/perl/5.22.1 /usr/local/share/perl/5.22.1 /usr/lib/x86_64-linux-gnu/perl5/5.22 /usr/share/perl5 /usr/lib/x86_64-linux-gnu/perl/5.22 /usr/share/perl/5.22 /usr/local/lib/site_perl /usr/lib/x86_64-linux-gnu/perl-base .) at -e line 1.
BEGIN failed--compilation aborted at -e line 1.


Determining if the Perl module Parse::RecDescent exists failed with the following error output:
Can't locate Parse/RecDescent.pm in @INC (you may need to install the Parse::RecDescent module) (@INC contains: /etc/perl /usr/local/lib/x86_64-linux-gnu/perl/5.22.1 /usr/local/share/perl/5.22.1 /usr/lib/x86_64-linux-gnu/perl5/5.22 /usr/share/perl5 /usr/lib/x86_64-linux-gnu/perl/5.22 /usr/share/perl/5.22 /usr/local/lib/site_perl /usr/lib/x86_64-linux-gnu/perl-base .) at -e line 1.
BEGIN failed--compilation aborted at -e line 1.


